# JRE version: OpenJDK Runtime Environment (8.0_152-b01) (build 1.8.0_152-release-1248-b01)
# Java VM: OpenJDK 64-Bit Server VM (25.152-b01 mixed mode windows-amd64 compressed oops)
Heap:
 PSYoungGen      total 458752K, used 286728K [0x00000000e0000000, 0x00000000ff980000, 0x0000000100000000)
  eden space 402432K, 69% used [0x00000000e0000000,0x00000000f1209970,0x00000000f8900000)
  from space 56320K, 10% used [0x00000000f8900000,0x00000000f8ef8910,0x00000000fc000000)
  to   space 53760K, 0% used [0x00000000fc500000,0x00000000fc500000,0x00000000ff980000)
 ParOldGen       total 441344K, used 205357K [0x00000000a0000000, 0x00000000baf00000, 0x00000000e0000000)
  object space 441344K, 46% used [0x00000000a0000000,0x00000000ac88b718,0x00000000baf00000)
 Metaspace       used 165090K, capacity 173289K, committed 173992K, reserved 1202176K
  class space    used 20017K, capacity 21491K, committed 21672K, reserved 1048576K
GC Heap History (10 events):
Event: 8593.004 GC heap before
{Heap before GC invocations=113 (full 6):
 PSYoungGen      total 455168K, used 390912K [0x00000000e0000000, 0x00000000ffc80000, 0x0000000100000000)
  eden space 389120K, 100% used [0x00000000e0000000,0x00000000f7c00000,0x00000000f7c00000)
  from space 66048K, 2% used [0x00000000fbc00000,0x00000000fbdc0030,0x00000000ffc80000)
  to   space 65536K, 0% used [0x00000000f7c00000,0x00000000f7c00000,0x00000000fbc00000)
 ParOldGen       total 441344K, used 199634K [0x00000000a0000000, 0x00000000baf00000, 0x00000000e0000000)
  object space 441344K, 45% used [0x00000000a0000000,0x00000000ac2f4990,0x00000000baf00000)
 Metaspace       used 160276K, capacity 168159K, committed 169128K, reserved 1198080K
  class space    used 19565K, capacity 20996K, committed 21160K, reserved 1048576K
Event: 8593.033 GC heap after
Heap after GC invocations=113 (full 6):
 PSYoungGen      total 454656K, used 10628K [0x00000000e0000000, 0x00000000ff980000, 0x0000000100000000)
  eden space 389120K, 0% used [0x00000000e0000000,0x00000000e0000000,0x00000000f7c00000)
  from space 65536K, 16% used [0x00000000f7c00000,0x00000000f8661340,0x00000000fbc00000)
  to   space 62464K, 0% used [0x00000000fbc80000,0x00000000fbc80000,0x00000000ff980000)
 ParOldGen       total 441344K, used 200042K [0x00000000a0000000, 0x00000000baf00000, 0x00000000e0000000)
  object space 441344K, 45% used [0x00000000a0000000,0x00000000ac35a9b0,0x00000000baf00000)
 Metaspace       used 160276K, capacity 168159K, committed 169128K, reserved 1198080K
  class space    used 19565K, capacity 20996K, committed 21160K, reserved 1048576K
}
Event: 8600.268 GC heap before
{Heap before GC invocations=114 (full 6):
 PSYoungGen      total 454656K, used 399748K [0x00000000e0000000, 0x00000000ff980000, 0x0000000100000000)
  eden space 389120K, 100% used [0x00000000e0000000,0x00000000f7c00000,0x00000000f7c00000)
  from space 65536K, 16% used [0x00000000f7c00000,0x00000000f8661340,0x00000000fbc00000)
  to   space 62464K, 0% used [0x00000000fbc80000,0x00000000fbc80000,0x00000000ff980000)
 ParOldGen       total 441344K, used 200042K [0x00000000a0000000, 0x00000000baf00000, 0x00000000e0000000)
  object space 441344K, 45% used [0x00000000a0000000,0x00000000ac35a9b0,0x00000000baf00000)
 Metaspace       used 160569K, capacity 168377K, committed 169384K, reserved 1198080K
  class space    used 19593K, capacity 21005K, committed 21160K, reserved 1048576K
Event: 8600.276 GC heap after
Heap after GC invocations=114 (full 6):
 PSYoungGen      total 456704K, used 1248K [0x00000000e0000000, 0x00000000ffa00000, 0x0000000100000000)
  eden space 394240K, 0% used [0x00000000e0000000,0x00000000e0000000,0x00000000f8100000)
  from space 62464K, 1% used [0x00000000fbc80000,0x00000000fbdb8020,0x00000000ff980000)
  to   space 60928K, 0% used [0x00000000f8100000,0x00000000f8100000,0x00000000fbc80000)
 ParOldGen       total 441344K, used 201014K [0x00000000a0000000, 0x00000000baf00000, 0x00000000e0000000)
  object space 441344K, 45% used [0x00000000a0000000,0x00000000ac44d9e0,0x00000000baf00000)
 Metaspace       used 160569K, capacity 168377K, committed 169384K, reserved 1198080K
  class space    used 19593K, capacity 21005K, committed 21160K, reserved 1048576K
}
Event: 8613.569 GC heap before
{Heap before GC invocations=115 (full 6):
 PSYoungGen      total 456704K, used 395109K [0x00000000e0000000, 0x00000000ffa00000, 0x0000000100000000)
  eden space 394240K, 99% used [0x00000000e0000000,0x00000000f80a1570,0x00000000f8100000)
  from space 62464K, 1% used [0x00000000fbc80000,0x00000000fbdb8020,0x00000000ff980000)
  to   space 60928K, 0% used [0x00000000f8100000,0x00000000f8100000,0x00000000fbc80000)
 ParOldGen       total 441344K, used 201014K [0x00000000a0000000, 0x00000000baf00000, 0x00000000e0000000)
  object space 441344K, 45% used [0x00000000a0000000,0x00000000ac44d9e0,0x00000000baf00000)
 Metaspace       used 162152K, capacity 170281K, committed 171048K, reserved 1198080K
  class space    used 19828K, capacity 21315K, committed 21544K, reserved 1048576K
Event: 8613.584 GC heap after
Heap after GC invocations=115 (full 6):
 PSYoungGen      total 455168K, used 11404K [0x00000000e0000000, 0x00000000ff880000, 0x0000000100000000)
  eden space 394240K, 0% used [0x00000000e0000000,0x00000000e0000000,0x00000000f8100000)
  from space 60928K, 18% used [0x00000000f8100000,0x00000000f8c230a8,0x00000000fbc80000)
  to   space 57856K, 0% used [0x00000000fc000000,0x00000000fc000000,0x00000000ff880000)
 ParOldGen       total 441344K, used 201862K [0x00000000a0000000, 0x00000000baf00000, 0x00000000e0000000)
  object space 441344K, 45% used [0x00000000a0000000,0x00000000ac521a00,0x00000000baf00000)
 Metaspace       used 162152K, capacity 170281K, committed 171048K, reserved 1198080K
  class space    used 19828K, capacity 21315K, committed 21544K, reserved 1048576K
}
Event: 8613.706 GC heap before
{Heap before GC invocations=116 (full 6):
 PSYoungGen      total 455168K, used 405219K [0x00000000e0000000, 0x00000000ff880000, 0x0000000100000000)
  eden space 394240K, 99% used [0x00000000e0000000,0x00000000f8095b68,0x00000000f8100000)
  from space 60928K, 18% used [0x00000000f8100000,0x00000000f8c230a8,0x00000000fbc80000)
  to   space 57856K, 0% used [0x00000000fc000000,0x00000000fc000000,0x00000000ff880000)
 ParOldGen       total 441344K, used 201862K [0x00000000a0000000, 0x00000000baf00000, 0x00000000e0000000)
  object space 441344K, 45% used [0x00000000a0000000,0x00000000ac521a00,0x00000000baf00000)
 Metaspace       used 162162K, capacity 170345K, committed 171048K, reserved 1198080K
  class space    used 19828K, capacity 21315K, committed 21544K, reserved 1048576K
Event: 8613.716 GC heap after
Heap after GC invocations=116 (full 6):
 PSYoungGen      total 460288K, used 96K [0x00000000e0000000, 0x00000000ffa00000, 0x0000000100000000)
  eden space 402432K, 0% used [0x00000000e0000000,0x00000000e0000000,0x00000000f8900000)
  from space 57856K, 0% used [0x00000000fc000000,0x00000000fc018000,0x00000000ff880000)
  to   space 56320K, 0% used [0x00000000f8900000,0x00000000f8900000,0x00000000fc000000)
 ParOldGen       total 441344K, used 205317K [0x00000000a0000000, 0x00000000baf00000, 0x00000000e0000000)
  object space 441344K, 46% used [0x00000000a0000000,0x00000000ac881718,0x00000000baf00000)
 Metaspace       used 162162K, capacity 170345K, committed 171048K, reserved 1198080K
  class space    used 19828K, capacity 21315K, committed 21544K, reserved 1048576K
}
Event: 8843.866 GC heap before
{Heap before GC invocations=117 (full 6):
 PSYoungGen      total 460288K, used 402528K [0x00000000e0000000, 0x00000000ffa00000, 0x0000000100000000)
  eden space 402432K, 100% used [0x00000000e0000000,0x00000000f8900000,0x00000000f8900000)
  from space 57856K, 0% used [0x00000000fc000000,0x00000000fc018000,0x00000000ff880000)
  to   space 56320K, 0% used [0x00000000f8900000,0x00000000f8900000,0x00000000fc000000)
 ParOldGen       total 441344K, used 205317K [0x00000000a0000000, 0x00000000baf00000, 0x00000000e0000000)
  object space 441344K, 46% used [0x00000000a0000000,0x00000000ac881718,0x00000000baf00000)
 Metaspace       used 164868K, capacity 173009K, committed 173736K, reserved 1202176K
  class space    used 20014K, capacity 21487K, committed 21672K, reserved 1048576K
Event: 8843.882 GC heap after
Heap after GC invocations=117 (full 6):
 PSYoungGen      total 458752K, used 6114K [0x00000000e0000000, 0x00000000ff980000, 0x0000000100000000)
  eden space 402432K, 0% used [0x00000000e0000000,0x00000000e0000000,0x00000000f8900000)
  from space 56320K, 10% used [0x00000000f8900000,0x00000000f8ef8910,0x00000000fc000000)
  to   space 53760K, 0% used [0x00000000fc500000,0x00000000fc500000,0x00000000ff980000)
 ParOldGen       total 441344K, used 205357K [0x00000000a0000000, 0x00000000baf00000, 0x00000000e0000000)
  object space 441344K, 46% used [0x00000000a0000000,0x00000000ac88b718,0x00000000baf00000)
 Metaspace       used 164868K, capacity 173009K, committed 173736K, reserved 1202176K
  class space    used 20014K, capacity 21487K, committed 21672K, reserved 1048576K
}

